  [1m[35m (1804.4ms)[0m  [1m[35mCREATE DATABASE "pantry_app_api_development" ENCODING = 'unicode'[0m
  ↳ bin/rails:9
  [1m[35m (417.9ms)[0m  [1m[35mCREATE DATABASE "pantry_app_api_test" ENCODING = 'unicode'[0m
  ↳ bin/rails:9
  [1m[35m (405.1ms)[0m  [1m[35mCREATE TABLE "schema_migrations" ("version" character varying NOT NULL PRIMARY KEY)[0m
  ↳ bin/rails:9
  [1m[35m (60.0ms)[0m  [1m[35mCREATE TABLE "ar_internal_metadata" ("key" character varying NOT NULL PRIMARY KEY, "value" character varying, "created_at" timestamp NOT NULL, "updated_at" timestamp NOT NULL)[0m
  ↳ bin/rails:9
  [1m[35m (63.9ms)[0m  [1m[34mSELECT pg_try_advisory_lock(4694515501675520745)[0m
  ↳ bin/rails:9
  [1m[35m (3.5ms)[0m  [1m[34mSELECT "schema_migrations"."version" FROM "schema_migrations" ORDER BY "schema_migrations"."version" ASC[0m
  ↳ bin/rails:9
Migrating to CreateStorage (20180406160839)
  [1m[35m (0.2ms)[0m  [1m[35mBEGIN[0m
  ↳ bin/rails:9
  [1m[35m (188.9ms)[0m  [1m[35mCREATE TABLE "storages" ("id" bigserial primary key, "name" character varying)[0m
  ↳ db/migrate/20180406160839_create_storage.rb:3
  [1m[36mActiveRecord::SchemaMigration Create (73.5ms)[0m  [1m[32mINSERT INTO "schema_migrations" ("version") VALUES ($1) RETURNING "version"[0m  [["version", "20180406160839"]]
  ↳ bin/rails:9
  [1m[35m (11.7ms)[0m  [1m[35mCOMMIT[0m
  ↳ bin/rails:9
  [1m[36mActiveRecord::InternalMetadata Load (0.9ms)[0m  [1m[34mSELECT  "ar_internal_metadata".* FROM "ar_internal_metadata" WHERE "ar_internal_metadata"."key" = $1 LIMIT $2[0m  [["key", "environment"], ["LIMIT", 1]]
  ↳ bin/rails:9
  [1m[35m (0.3ms)[0m  [1m[35mBEGIN[0m
  ↳ bin/rails:9
  [1m[36mActiveRecord::InternalMetadata Create (6.9ms)[0m  [1m[32mINSERT INTO "ar_internal_metadata" ("key", "value", "created_at", "updated_at") VALUES ($1, $2, $3, $4) RETURNING "key"[0m  [["key", "environment"], ["value", "development"], ["created_at", "2018-04-06 16:37:32.323438"], ["updated_at", "2018-04-06 16:37:32.323438"]]
  ↳ bin/rails:9
  [1m[35m (0.6ms)[0m  [1m[35mCOMMIT[0m
  ↳ bin/rails:9
  [1m[35m (0.4ms)[0m  [1m[34mSELECT pg_advisory_unlock(4694515501675520745)[0m
  ↳ bin/rails:9
  [1m[35m (0.4ms)[0m  [1m[34mSELECT "schema_migrations"."version" FROM "schema_migrations" ORDER BY "schema_migrations"."version" ASC[0m
  ↳ bin/rails:9
  [1m[36mStorage Load (0.6ms)[0m  [1m[34mSELECT  "storages".* FROM "storages" LIMIT $1[0m  [["LIMIT", 11]]
  [1m[35m (51.7ms)[0m  [1m[34mSELECT COUNT(*) FROM "storages"[0m
  [1m[35m (0.2ms)[0m  [1m[35mBEGIN[0m
  [1m[36mStorage Create (41.8ms)[0m  [1m[32mINSERT INTO "storages" ("name") VALUES ($1) RETURNING "id"[0m  [["name", "Refridgerator"]]
  [1m[35m (30.8ms)[0m  [1m[35mCOMMIT[0m
  [1m[36mStorage Load (0.4ms)[0m  [1m[34mSELECT  "storages".* FROM "storages" WHERE "storages"."id" = $1 LIMIT $2[0m  [["id", 1], ["LIMIT", 1]]
  [1m[36mStorage Load (21.5ms)[0m  [1m[34mSELECT  "storages".* FROM "storages" WHERE "storages"."name" = $1 LIMIT $2[0m  [["name", "Refridgerator"], ["LIMIT", 11]]
  [1m[36mStorage Load (0.4ms)[0m  [1m[34mSELECT  "storages".* FROM "storages" WHERE "storages"."id" = $1 LIMIT $2[0m  [["id", 1], ["LIMIT", 1]]
  [1m[35m (0.2ms)[0m  [1m[35mBEGIN[0m
  [1m[36mStorage Update (41.2ms)[0m  [1m[33mUPDATE "storages" SET "name" = $1 WHERE "storages"."id" = $2[0m  [["name", "Freezer"], ["id", 1]]
  [1m[35m (0.4ms)[0m  [1m[35mCOMMIT[0m
  [1m[36mStorage Load (0.5ms)[0m  [1m[34mSELECT  "storages".* FROM "storages" WHERE "storages"."id" = $1 LIMIT $2[0m  [["id", 1], ["LIMIT", 1]]
  [1m[35m (0.2ms)[0m  [1m[35mBEGIN[0m
  [1m[36mStorage Update (0.8ms)[0m  [1m[33mUPDATE "storages" SET "name" = $1 WHERE "storages"."id" = $2[0m  [["name", "Refridgerator"], ["id", 1]]
  [1m[35m (0.4ms)[0m  [1m[35mCOMMIT[0m
  [1m[36mStorage Load (0.4ms)[0m  [1m[34mSELECT  "storages".* FROM "storages" WHERE "storages"."id" = $1 LIMIT $2[0m  [["id", 1], ["LIMIT", 1]]
  [1m[35m (0.2ms)[0m  [1m[35mBEGIN[0m
  [1m[36mStorage Destroy (0.5ms)[0m  [1m[31mDELETE FROM "storages" WHERE "storages"."id" = $1[0m  [["id", 1]]
  [1m[35m (39.7ms)[0m  [1m[35mCOMMIT[0m
  [1m[36mStorage Load (0.4ms)[0m  [1m[34mSELECT  "storages".* FROM "storages" WHERE "storages"."id" = $1 LIMIT $2[0m  [["id", 1], ["LIMIT", 1]]
  [1m[35m (0.2ms)[0m  [1m[34mSELECT pg_try_advisory_lock(4694515501675520745)[0m
  ↳ bin/rails:9
  [1m[35m (1.1ms)[0m  [1m[34mSELECT "schema_migrations"."version" FROM "schema_migrations" ORDER BY "schema_migrations"."version" ASC[0m
  ↳ bin/rails:9
Migrating to CreateContainers (20180406192937)
  [1m[35m (0.2ms)[0m  [1m[35mBEGIN[0m
  ↳ bin/rails:9
  [1m[35m (72.8ms)[0m  [1m[35mCREATE TABLE "containers" ("id" bigserial primary key, "name" character varying)[0m
  ↳ db/migrate/20180406192937_create_containers.rb:3
  [1m[36mActiveRecord::SchemaMigration Create (0.6ms)[0m  [1m[32mINSERT INTO "schema_migrations" ("version") VALUES ($1) RETURNING "version"[0m  [["version", "20180406192937"]]
  ↳ bin/rails:9
  [1m[35m (0.6ms)[0m  [1m[35mCOMMIT[0m
  ↳ bin/rails:9
  [1m[36mActiveRecord::InternalMetadata Load (40.5ms)[0m  [1m[34mSELECT  "ar_internal_metadata".* FROM "ar_internal_metadata" WHERE "ar_internal_metadata"."key" = $1 LIMIT $2[0m  [["key", "environment"], ["LIMIT", 1]]
  ↳ bin/rails:9
  [1m[35m (0.2ms)[0m  [1m[35mBEGIN[0m
  ↳ bin/rails:9
  [1m[35m (0.2ms)[0m  [1m[35mCOMMIT[0m
  ↳ bin/rails:9
  [1m[35m (0.3ms)[0m  [1m[34mSELECT pg_advisory_unlock(4694515501675520745)[0m
  ↳ bin/rails:9
  [1m[35m (0.3ms)[0m  [1m[34mSELECT "schema_migrations"."version" FROM "schema_migrations" ORDER BY "schema_migrations"."version" ASC[0m
  ↳ bin/rails:9
  [1m[36mContainer Load (0.5ms)[0m  [1m[34mSELECT  "containers".* FROM "containers" LIMIT $1[0m  [["LIMIT", 11]]
  [1m[35m (0.7ms)[0m  [1m[34mSELECT COUNT(*) FROM "containers"[0m
  [1m[35m (0.2ms)[0m  [1m[35mBEGIN[0m
  [1m[36mContainer Create (0.9ms)[0m  [1m[32mINSERT INTO "containers" ("name") VALUES ($1) RETURNING "id"[0m  [["name", "Box"]]
  [1m[35m (0.7ms)[0m  [1m[35mCOMMIT[0m
  [1m[36mContainer Load (0.3ms)[0m  [1m[34mSELECT  "containers".* FROM "containers" WHERE "containers"."id" = $1 LIMIT $2[0m  [["id", 1], ["LIMIT", 1]]
  [1m[36mContainer Load (0.4ms)[0m  [1m[34mSELECT  "containers".* FROM "containers" WHERE "containers"."name" = $1 LIMIT $2[0m  [["name", "Box"], ["LIMIT", 11]]
  [1m[36mContainer Load (0.4ms)[0m  [1m[34mSELECT  "containers".* FROM "containers" WHERE "containers"."id" = $1 LIMIT $2[0m  [["id", 1], ["LIMIT", 1]]
  [1m[35m (0.2ms)[0m  [1m[35mBEGIN[0m
  [1m[36mContainer Update (0.5ms)[0m  [1m[33mUPDATE "containers" SET "name" = $1 WHERE "containers"."id" = $2[0m  [["name", "Bag"], ["id", 1]]
  [1m[35m (0.5ms)[0m  [1m[35mCOMMIT[0m
  [1m[36mContainer Load (0.4ms)[0m  [1m[34mSELECT  "containers".* FROM "containers" WHERE "containers"."id" = $1 LIMIT $2[0m  [["id", 1], ["LIMIT", 1]]
  [1m[36mContainer Load (0.4ms)[0m  [1m[34mSELECT  "containers".* FROM "containers" WHERE "containers"."id" = $1 LIMIT $2[0m  [["id", 1], ["LIMIT", 1]]
  [1m[35m (0.2ms)[0m  [1m[35mBEGIN[0m
  [1m[36mContainer Destroy (0.3ms)[0m  [1m[31mDELETE FROM "containers" WHERE "containers"."id" = $1[0m  [["id", 1]]
  [1m[35m (0.4ms)[0m  [1m[35mCOMMIT[0m
  [1m[36mContainer Load (0.4ms)[0m  [1m[34mSELECT  "containers".* FROM "containers" WHERE "containers"."id" = $1 LIMIT $2[0m  [["id", 1], ["LIMIT", 1]]
  [1m[35m (0.3ms)[0m  [1m[34mSELECT pg_try_advisory_lock(4694515501675520745)[0m
  ↳ bin/rails:9
  [1m[35m (33.7ms)[0m  [1m[34mSELECT "schema_migrations"."version" FROM "schema_migrations" ORDER BY "schema_migrations"."version" ASC[0m
  ↳ bin/rails:9
Migrating to CreateFoods (20180406195131)
  [1m[35m (0.2ms)[0m  [1m[35mBEGIN[0m
  ↳ bin/rails:9
  [1m[35m (259.7ms)[0m  [1m[35mCREATE TABLE "foods" ("id" bigserial primary key, "name" character varying, "purchased_date" date, "experation_date" date)[0m
  ↳ db/migrate/20180406195131_create_foods.rb:3
  [1m[36mActiveRecord::SchemaMigration Create (0.5ms)[0m  [1m[32mINSERT INTO "schema_migrations" ("version") VALUES ($1) RETURNING "version"[0m  [["version", "20180406195131"]]
  ↳ bin/rails:9
  [1m[35m (9.4ms)[0m  [1m[35mCOMMIT[0m
  ↳ bin/rails:9
  [1m[36mActiveRecord::InternalMetadata Load (0.7ms)[0m  [1m[34mSELECT  "ar_internal_metadata".* FROM "ar_internal_metadata" WHERE "ar_internal_metadata"."key" = $1 LIMIT $2[0m  [["key", "environment"], ["LIMIT", 1]]
  ↳ bin/rails:9
  [1m[35m (0.2ms)[0m  [1m[35mBEGIN[0m
  ↳ bin/rails:9
  [1m[35m (0.2ms)[0m  [1m[35mCOMMIT[0m
  ↳ bin/rails:9
  [1m[35m (0.3ms)[0m  [1m[34mSELECT pg_advisory_unlock(4694515501675520745)[0m
  ↳ bin/rails:9
  [1m[35m (0.3ms)[0m  [1m[34mSELECT "schema_migrations"."version" FROM "schema_migrations" ORDER BY "schema_migrations"."version" ASC[0m
  ↳ bin/rails:9
  [1m[36mFood Load (0.4ms)[0m  [1m[34mSELECT  "foods".* FROM "foods" LIMIT $1[0m  [["LIMIT", 11]]
  [1m[35m (0.7ms)[0m  [1m[34mSELECT COUNT(*) FROM "foods"[0m
  [1m[35m (0.2ms)[0m  [1m[35mBEGIN[0m
  [1m[36mFood Create (41.2ms)[0m  [1m[32mINSERT INTO "foods" ("name", "purchased_date", "experation_date") VALUES ($1, $2, $3) RETURNING "id"[0m  [["name", "Yogurt"], ["purchased_date", "2018-04-06"], ["experation_date", "2019-08-22"]]
  [1m[35m (13.5ms)[0m  [1m[35mCOMMIT[0m
  [1m[36mFood Load (0.4ms)[0m  [1m[34mSELECT  "foods".* FROM "foods" WHERE "foods"."id" = $1 LIMIT $2[0m  [["id", 1], ["LIMIT", 1]]
  [1m[36mFood Load (58.4ms)[0m  [1m[34mSELECT  "foods".* FROM "foods" WHERE "foods"."experation_date" = $1 LIMIT $2[0m  [["experation_date", "2019-08-22"], ["LIMIT", 11]]
  [1m[36mFood Load (0.5ms)[0m  [1m[34mSELECT  "foods".* FROM "foods" WHERE "foods"."id" = $1 LIMIT $2[0m  [["id", 1], ["LIMIT", 1]]
  [1m[35m (0.2ms)[0m  [1m[35mBEGIN[0m
  [1m[36mFood Update (0.6ms)[0m  [1m[33mUPDATE "foods" SET "experation_date" = $1 WHERE "foods"."id" = $2[0m  [["experation_date", "2018-08-22"], ["id", 1]]
  [1m[35m (39.9ms)[0m  [1m[35mCOMMIT[0m
  [1m[36mFood Load (0.5ms)[0m  [1m[34mSELECT  "foods".* FROM "foods" WHERE "foods"."id" = $1 LIMIT $2[0m  [["id", 1], ["LIMIT", 1]]
  [1m[36mFood Load (0.6ms)[0m  [1m[34mSELECT  "foods".* FROM "foods" WHERE "foods"."id" = $1 LIMIT $2[0m  [["id", 1], ["LIMIT", 1]]
  [1m[35m (0.2ms)[0m  [1m[35mBEGIN[0m
  [1m[36mFood Destroy (0.5ms)[0m  [1m[31mDELETE FROM "foods" WHERE "foods"."id" = $1[0m  [["id", 1]]
  [1m[35m (0.4ms)[0m  [1m[35mCOMMIT[0m
  [1m[36mFood Load (0.5ms)[0m  [1m[34mSELECT  "foods".* FROM "foods" WHERE "foods"."id" = $1 LIMIT $2[0m  [["id", 1], ["LIMIT", 1]]
Started GET "/" for 127.0.0.1 at 2018-04-06 21:24:59 -0400
  [1m[35m (23.2ms)[0m  [1m[34mSELECT "schema_migrations"."version" FROM "schema_migrations" ORDER BY "schema_migrations"."version" ASC[0m
  ↳ /Users/spickles/.rbenv/versions/2.4.3/lib/ruby/gems/2.4.0/gems/activerecord-5.2.0.rc2/lib/active_record/log_subscriber.rb:98
Processing by Rails::WelcomeController#index as HTML
  Rendering /Users/spickles/.rbenv/versions/2.4.3/lib/ruby/gems/2.4.0/gems/railties-5.2.0.rc2/lib/rails/templates/rails/welcome/index.html.erb
  Rendered /Users/spickles/.rbenv/versions/2.4.3/lib/ruby/gems/2.4.0/gems/railties-5.2.0.rc2/lib/rails/templates/rails/welcome/index.html.erb (5.0ms)
Completed 200 OK in 107ms (Views: 75.3ms | ActiveRecord: 0.0ms)


Started GET "/favicon.ico" for 127.0.0.1 at 2018-04-06 21:25:00 -0400
  
ActionController::RoutingError (No route matches [GET] "/favicon.ico"):
  
actionpack (5.2.0.rc2) lib/action_dispatch/middleware/debug_exceptions.rb:65:in `call'
actionpack (5.2.0.rc2) lib/action_dispatch/middleware/show_exceptions.rb:33:in `call'
railties (5.2.0.rc2) lib/rails/rack/logger.rb:38:in `call_app'
railties (5.2.0.rc2) lib/rails/rack/logger.rb:26:in `block in call'
activesupport (5.2.0.rc2) lib/active_support/tagged_logging.rb:71:in `block in tagged'
activesupport (5.2.0.rc2) lib/active_support/tagged_logging.rb:28:in `tagged'
activesupport (5.2.0.rc2) lib/active_support/tagged_logging.rb:71:in `tagged'
railties (5.2.0.rc2) lib/rails/rack/logger.rb:26:in `call'
actionpack (5.2.0.rc2) lib/action_dispatch/middleware/remote_ip.rb:81:in `call'
actionpack (5.2.0.rc2) lib/action_dispatch/middleware/request_id.rb:27:in `call'
rack (2.0.4) lib/rack/runtime.rb:22:in `call'
activesupport (5.2.0.rc2) lib/active_support/cache/strategy/local_cache_middleware.rb:29:in `call'
actionpack (5.2.0.rc2) lib/action_dispatch/middleware/executor.rb:14:in `call'
actionpack (5.2.0.rc2) lib/action_dispatch/middleware/static.rb:127:in `call'
rack (2.0.4) lib/rack/sendfile.rb:111:in `call'
railties (5.2.0.rc2) lib/rails/engine.rb:524:in `call'
puma (3.11.3) lib/puma/configuration.rb:225:in `call'
puma (3.11.3) lib/puma/server.rb:624:in `handle_request'
puma (3.11.3) lib/puma/server.rb:438:in `process_client'
puma (3.11.3) lib/puma/server.rb:302:in `block in run'
puma (3.11.3) lib/puma/thread_pool.rb:120:in `block in spawn_thread'
  [1m[35m (0.3ms)[0m  [1m[34mSELECT pg_try_advisory_lock(4694515501675520745)[0m
  ↳ bin/rails:9
  [1m[35m (1.5ms)[0m  [1m[34mSELECT "schema_migrations"."version" FROM "schema_migrations" ORDER BY "schema_migrations"."version" ASC[0m
  ↳ bin/rails:9
Migrating to AddForeignKeyToFoods (20180410165216)
  [1m[35m (0.2ms)[0m  [1m[35mBEGIN[0m
  ↳ bin/rails:9
  [1m[35m (68.9ms)[0m  [1m[35mALTER TABLE "foods" ADD "storage_id" integer[0m
  ↳ db/migrate/20180410165216_add_foreign_key_to_foods.rb:3
  [1m[36mActiveRecord::SchemaMigration Create (0.5ms)[0m  [1m[32mINSERT INTO "schema_migrations" ("version") VALUES ($1) RETURNING "version"[0m  [["version", "20180410165216"]]
  ↳ bin/rails:9
  [1m[35m (114.7ms)[0m  [1m[35mCOMMIT[0m
  ↳ bin/rails:9
  [1m[36mActiveRecord::InternalMetadata Load (25.9ms)[0m  [1m[34mSELECT  "ar_internal_metadata".* FROM "ar_internal_metadata" WHERE "ar_internal_metadata"."key" = $1 LIMIT $2[0m  [["key", "environment"], ["LIMIT", 1]]
  ↳ bin/rails:9
  [1m[35m (0.2ms)[0m  [1m[35mBEGIN[0m
  ↳ bin/rails:9
  [1m[35m (0.2ms)[0m  [1m[35mCOMMIT[0m
  ↳ bin/rails:9
  [1m[35m (0.3ms)[0m  [1m[34mSELECT pg_advisory_unlock(4694515501675520745)[0m
  ↳ bin/rails:9
  [1m[35m (0.3ms)[0m  [1m[34mSELECT "schema_migrations"."version" FROM "schema_migrations" ORDER BY "schema_migrations"."version" ASC[0m
  ↳ bin/rails:9
  [1m[35m (0.3ms)[0m  [1m[34mSELECT pg_try_advisory_lock(4694515501675520745)[0m
  ↳ bin/rails:9
  [1m[35m (1.0ms)[0m  [1m[34mSELECT "schema_migrations"."version" FROM "schema_migrations" ORDER BY "schema_migrations"."version" ASC[0m
  ↳ bin/rails:9
  [1m[36mActiveRecord::InternalMetadata Load (0.4ms)[0m  [1m[34mSELECT  "ar_internal_metadata".* FROM "ar_internal_metadata" WHERE "ar_internal_metadata"."key" = $1 LIMIT $2[0m  [["key", "environment"], ["LIMIT", 1]]
  ↳ bin/rails:9
  [1m[35m (0.2ms)[0m  [1m[35mBEGIN[0m
  ↳ bin/rails:9
  [1m[35m (0.2ms)[0m  [1m[35mCOMMIT[0m
  ↳ bin/rails:9
  [1m[35m (0.3ms)[0m  [1m[34mSELECT pg_advisory_unlock(4694515501675520745)[0m
  ↳ bin/rails:9
  [1m[35m (0.3ms)[0m  [1m[34mSELECT "schema_migrations"."version" FROM "schema_migrations" ORDER BY "schema_migrations"."version" ASC[0m
  ↳ bin/rails:9
  [1m[35m (1.0ms)[0m  [1m[34mSELECT "schema_migrations"."version" FROM "schema_migrations" ORDER BY "schema_migrations"."version" ASC[0m
  ↳ bin/rails:9
  [1m[35m (0.3ms)[0m  [1m[34mSELECT "schema_migrations"."version" FROM "schema_migrations" ORDER BY "schema_migrations"."version" ASC[0m
  ↳ bin/rails:9
  [1m[35m (0.3ms)[0m  [1m[34mSELECT "schema_migrations"."version" FROM "schema_migrations" ORDER BY "schema_migrations"."version" ASC[0m
  ↳ bin/rails:9
  [1m[35m (0.3ms)[0m  [1m[34mSELECT pg_try_advisory_lock(4694515501675520745)[0m
  ↳ bin/rails:9
  [1m[35m (0.3ms)[0m  [1m[34mSELECT "schema_migrations"."version" FROM "schema_migrations" ORDER BY "schema_migrations"."version" ASC[0m
  ↳ bin/rails:9
Migrating to AddForeignKeyToFoods (20180410165216)
  [1m[35m (0.2ms)[0m  [1m[35mBEGIN[0m
  ↳ bin/rails:9
  [1m[35m (79.4ms)[0m  [1m[35mALTER TABLE "foods" DROP COLUMN "container_id"[0m
  ↳ bin/rails:9
  [1m[35m (0.2ms)[0m  [1m[31mROLLBACK[0m
  ↳ bin/rails:9
  [1m[35m (0.3ms)[0m  [1m[34mSELECT pg_advisory_unlock(4694515501675520745)[0m
  ↳ bin/rails:9
  [1m[35m (1.0ms)[0m  [1m[34mSELECT "schema_migrations"."version" FROM "schema_migrations" ORDER BY "schema_migrations"."version" ASC[0m
  ↳ bin/rails:9
  [1m[35m (0.3ms)[0m  [1m[34mSELECT "schema_migrations"."version" FROM "schema_migrations" ORDER BY "schema_migrations"."version" ASC[0m
  ↳ bin/rails:9
  [1m[35m (0.3ms)[0m  [1m[34mSELECT "schema_migrations"."version" FROM "schema_migrations" ORDER BY "schema_migrations"."version" ASC[0m
  ↳ bin/rails:9
  [1m[35m (0.2ms)[0m  [1m[34mSELECT pg_try_advisory_lock(4694515501675520745)[0m
  ↳ bin/rails:9
  [1m[35m (0.3ms)[0m  [1m[34mSELECT "schema_migrations"."version" FROM "schema_migrations" ORDER BY "schema_migrations"."version" ASC[0m
  ↳ bin/rails:9
Migrating to AddForeignKeyToFoods (20180410165216)
  [1m[35m (0.2ms)[0m  [1m[35mBEGIN[0m
  ↳ bin/rails:9
  [1m[35m (1.0ms)[0m  [1m[35mALTER TABLE "foods" DROP COLUMN "container_id"[0m
  ↳ bin/rails:9
  [1m[35m (0.2ms)[0m  [1m[31mROLLBACK[0m
  ↳ bin/rails:9
  [1m[35m (0.3ms)[0m  [1m[34mSELECT pg_advisory_unlock(4694515501675520745)[0m
  ↳ bin/rails:9
  [1m[35m (1.0ms)[0m  [1m[34mSELECT "schema_migrations"."version" FROM "schema_migrations" ORDER BY "schema_migrations"."version" ASC[0m
  ↳ bin/rails:9
  [1m[35m (0.3ms)[0m  [1m[34mSELECT "schema_migrations"."version" FROM "schema_migrations" ORDER BY "schema_migrations"."version" ASC[0m
  ↳ bin/rails:9
  [1m[35m (0.3ms)[0m  [1m[34mSELECT "schema_migrations"."version" FROM "schema_migrations" ORDER BY "schema_migrations"."version" ASC[0m
  ↳ bin/rails:9
  [1m[35m (0.3ms)[0m  [1m[34mSELECT pg_try_advisory_lock(4694515501675520745)[0m
  ↳ bin/rails:9
  [1m[35m (0.3ms)[0m  [1m[34mSELECT "schema_migrations"."version" FROM "schema_migrations" ORDER BY "schema_migrations"."version" ASC[0m
  ↳ bin/rails:9
Migrating to AddForeignKeyToFoods (20180410165216)
  [1m[35m (0.2ms)[0m  [1m[35mBEGIN[0m
  ↳ bin/rails:9
  [1m[35m (85.0ms)[0m  [1m[35mALTER TABLE "foods" DROP COLUMN "storage_id"[0m
  ↳ bin/rails:9
  [1m[36mActiveRecord::SchemaMigration Destroy (0.7ms)[0m  [1m[31mDELETE FROM "schema_migrations" WHERE "schema_migrations"."version" = $1[0m  [["version", "20180410165216"]]
  ↳ bin/rails:9
  [1m[35m (9.3ms)[0m  [1m[35mCOMMIT[0m
  ↳ bin/rails:9
  [1m[35m (0.3ms)[0m  [1m[34mSELECT pg_advisory_unlock(4694515501675520745)[0m
  ↳ bin/rails:9
  [1m[35m (0.3ms)[0m  [1m[34mSELECT "schema_migrations"."version" FROM "schema_migrations" ORDER BY "schema_migrations"."version" ASC[0m
  ↳ bin/rails:9
  [1m[35m (0.2ms)[0m  [1m[34mSELECT pg_try_advisory_lock(4694515501675520745)[0m
  ↳ bin/rails:9
  [1m[35m (1.0ms)[0m  [1m[34mSELECT "schema_migrations"."version" FROM "schema_migrations" ORDER BY "schema_migrations"."version" ASC[0m
  ↳ bin/rails:9
Migrating to AddForeignKeyToFoods (20180410165216)
  [1m[35m (0.2ms)[0m  [1m[35mBEGIN[0m
  ↳ bin/rails:9
  [1m[35m (0.8ms)[0m  [1m[35mALTER TABLE "foods" ADD "storage_id" integer[0m
  ↳ db/migrate/20180410165216_add_foreign_key_to_foods.rb:3
  [1m[35m (0.4ms)[0m  [1m[35mALTER TABLE "foods" ADD "container_id" integer[0m
  ↳ db/migrate/20180410165216_add_foreign_key_to_foods.rb:4
  [1m[36mActiveRecord::SchemaMigration Create (0.4ms)[0m  [1m[32mINSERT INTO "schema_migrations" ("version") VALUES ($1) RETURNING "version"[0m  [["version", "20180410165216"]]
  ↳ bin/rails:9
  [1m[35m (40.9ms)[0m  [1m[35mCOMMIT[0m
  ↳ bin/rails:9
  [1m[36mActiveRecord::InternalMetadata Load (0.5ms)[0m  [1m[34mSELECT  "ar_internal_metadata".* FROM "ar_internal_metadata" WHERE "ar_internal_metadata"."key" = $1 LIMIT $2[0m  [["key", "environment"], ["LIMIT", 1]]
  ↳ bin/rails:9
  [1m[35m (0.2ms)[0m  [1m[35mBEGIN[0m
  ↳ bin/rails:9
  [1m[35m (0.2ms)[0m  [1m[35mCOMMIT[0m
  ↳ bin/rails:9
  [1m[35m (0.3ms)[0m  [1m[34mSELECT pg_advisory_unlock(4694515501675520745)[0m
  ↳ bin/rails:9
  [1m[35m (0.3ms)[0m  [1m[34mSELECT "schema_migrations"."version" FROM "schema_migrations" ORDER BY "schema_migrations"."version" ASC[0m
  ↳ bin/rails:9
  [1m[35m (12.1ms)[0m  [1m[34mSELECT "schema_migrations"."version" FROM "schema_migrations" ORDER BY "schema_migrations"."version" ASC[0m
  ↳ bin/rails:9
  [1m[35m (0.2ms)[0m  [1m[35mBEGIN[0m
  ↳ db/seeds.rb:9
  [1m[36mStorage Create (83.1ms)[0m  [1m[32mINSERT INTO "storages" ("name") VALUES ($1) RETURNING "id"[0m  [["name", "Refridgerator"]]
  ↳ db/seeds.rb:9
  [1m[35m (40.7ms)[0m  [1m[35mCOMMIT[0m
  ↳ db/seeds.rb:9
  [1m[35m (0.2ms)[0m  [1m[35mBEGIN[0m
  ↳ db/seeds.rb:9
  [1m[36mStorage Create (0.6ms)[0m  [1m[32mINSERT INTO "storages" ("name") VALUES ($1) RETURNING "id"[0m  [["name", "Freezer"]]
  ↳ db/seeds.rb:9
  [1m[35m (0.4ms)[0m  [1m[35mCOMMIT[0m
  ↳ db/seeds.rb:9
  [1m[35m (0.1ms)[0m  [1m[35mBEGIN[0m
  ↳ db/seeds.rb:9
  [1m[36mStorage Create (0.5ms)[0m  [1m[32mINSERT INTO "storages" ("name") VALUES ($1) RETURNING "id"[0m  [["name", "Pantry"]]
  ↳ db/seeds.rb:9
  [1m[35m (0.5ms)[0m  [1m[35mCOMMIT[0m
  ↳ db/seeds.rb:9
  [1m[35m (0.2ms)[0m  [1m[35mBEGIN[0m
  ↳ db/seeds.rb:15
  [1m[36mContainer Create (0.5ms)[0m  [1m[32mINSERT INTO "containers" ("name") VALUES ($1) RETURNING "id"[0m  [["name", "Box"]]
  ↳ db/seeds.rb:15
  [1m[35m (40.9ms)[0m  [1m[35mCOMMIT[0m
  ↳ db/seeds.rb:15
  [1m[35m (0.3ms)[0m  [1m[35mBEGIN[0m
  ↳ db/seeds.rb:15
  [1m[36mContainer Create (0.4ms)[0m  [1m[32mINSERT INTO "containers" ("name") VALUES ($1) RETURNING "id"[0m  [["name", "Can"]]
  ↳ db/seeds.rb:15
  [1m[35m (0.4ms)[0m  [1m[35mCOMMIT[0m
  ↳ db/seeds.rb:15
  [1m[35m (0.1ms)[0m  [1m[35mBEGIN[0m
  ↳ db/seeds.rb:15
  [1m[36mContainer Create (0.3ms)[0m  [1m[32mINSERT INTO "containers" ("name") VALUES ($1) RETURNING "id"[0m  [["name", "Bag"]]
  ↳ db/seeds.rb:15
  [1m[35m (0.4ms)[0m  [1m[35mCOMMIT[0m
  ↳ db/seeds.rb:15
  [1m[35m (1.0ms)[0m  [1m[34mSELECT "schema_migrations"."version" FROM "schema_migrations" ORDER BY "schema_migrations"."version" ASC[0m
  ↳ bin/rails:9
  [1m[35m (0.2ms)[0m  [1m[35mBEGIN[0m
  ↳ db/seeds.rb:9
  [1m[36mStorage Create (0.7ms)[0m  [1m[32mINSERT INTO "storages" ("name") VALUES ($1) RETURNING "id"[0m  [["name", "Refridgerator"]]
  ↳ db/seeds.rb:9
  [1m[35m (62.5ms)[0m  [1m[35mCOMMIT[0m
  ↳ db/seeds.rb:9
  [1m[35m (0.2ms)[0m  [1m[35mBEGIN[0m
  ↳ db/seeds.rb:9
  [1m[36mStorage Create (0.4ms)[0m  [1m[32mINSERT INTO "storages" ("name") VALUES ($1) RETURNING "id"[0m  [["name", "Freezer"]]
  ↳ db/seeds.rb:9
  [1m[35m (40.7ms)[0m  [1m[35mCOMMIT[0m
  ↳ db/seeds.rb:9
  [1m[35m (0.1ms)[0m  [1m[35mBEGIN[0m
  ↳ db/seeds.rb:9
  [1m[36mStorage Create (0.4ms)[0m  [1m[32mINSERT INTO "storages" ("name") VALUES ($1) RETURNING "id"[0m  [["name", "Pantry"]]
  ↳ db/seeds.rb:9
  [1m[35m (81.7ms)[0m  [1m[35mCOMMIT[0m
  ↳ db/seeds.rb:9
  [1m[35m (0.2ms)[0m  [1m[35mBEGIN[0m
  ↳ db/seeds.rb:15
  [1m[36mContainer Create (0.5ms)[0m  [1m[32mINSERT INTO "containers" ("name") VALUES ($1) RETURNING "id"[0m  [["name", "Box"]]
  ↳ db/seeds.rb:15
  [1m[35m (20.3ms)[0m  [1m[35mCOMMIT[0m
  ↳ db/seeds.rb:15
  [1m[35m (0.2ms)[0m  [1m[35mBEGIN[0m
  ↳ db/seeds.rb:15
  [1m[36mContainer Create (0.4ms)[0m  [1m[32mINSERT INTO "containers" ("name") VALUES ($1) RETURNING "id"[0m  [["name", "Can"]]
  ↳ db/seeds.rb:15
  [1m[35m (0.4ms)[0m  [1m[35mCOMMIT[0m
  ↳ db/seeds.rb:15
  [1m[35m (0.1ms)[0m  [1m[35mBEGIN[0m
  ↳ db/seeds.rb:15
  [1m[36mContainer Create (0.3ms)[0m  [1m[32mINSERT INTO "containers" ("name") VALUES ($1) RETURNING "id"[0m  [["name", "Bag"]]
  ↳ db/seeds.rb:15
  [1m[35m (0.4ms)[0m  [1m[35mCOMMIT[0m
  ↳ db/seeds.rb:15
  [1m[35m (0.2ms)[0m  [1m[35mBEGIN[0m
  ↳ db/seeds.rb:22
  [1m[36mStorage Load (25.6ms)[0m  [1m[34mSELECT  "storages".* FROM "storages" WHERE "storages"."id" = $1 LIMIT $2[0m  [["id", 1], ["LIMIT", 1]]
  ↳ db/seeds.rb:22
  [1m[36mContainer Load (0.4ms)[0m  [1m[34mSELECT  "containers".* FROM "containers" WHERE "containers"."id" = $1 LIMIT $2[0m  [["id", 3], ["LIMIT", 1]]
  ↳ db/seeds.rb:22
  [1m[35m (0.4ms)[0m  [1m[31mROLLBACK[0m
  ↳ db/seeds.rb:22
  [1m[35m (0.2ms)[0m  [1m[35mBEGIN[0m
  ↳ db/seeds.rb:22
  [1m[36mStorage Load (0.4ms)[0m  [1m[34mSELECT  "storages".* FROM "storages" WHERE "storages"."id" = $1 LIMIT $2[0m  [["id", 3], ["LIMIT", 1]]
  ↳ db/seeds.rb:22
  [1m[36mContainer Load (0.3ms)[0m  [1m[34mSELECT  "containers".* FROM "containers" WHERE "containers"."id" = $1 LIMIT $2[0m  [["id", 2], ["LIMIT", 1]]
  ↳ db/seeds.rb:22
  [1m[36mFood Create (0.8ms)[0m  [1m[32mINSERT INTO "foods" ("name", "purchased_date", "experation_date", "storage_id", "container_id") VALUES ($1, $2, $3, $4, $5) RETURNING "id"[0m  [["name", "Faker::Food"], ["purchased_date", "2018-04-10"], ["experation_date", "2018-04-17"], ["storage_id", 3], ["container_id", 2]]
  ↳ db/seeds.rb:22
  [1m[35m (24.7ms)[0m  [1m[35mCOMMIT[0m
  ↳ db/seeds.rb:22
  [1m[35m (0.2ms)[0m  [1m[35mBEGIN[0m
  ↳ db/seeds.rb:22
  [1m[36mStorage Load (0.3ms)[0m  [1m[34mSELECT  "storages".* FROM "storages" WHERE "storages"."id" = $1 LIMIT $2[0m  [["id", 1], ["LIMIT", 1]]
  ↳ db/seeds.rb:22
  [1m[36mContainer Load (0.3ms)[0m  [1m[34mSELECT  "containers".* FROM "containers" WHERE "containers"."id" = $1 LIMIT $2[0m  [["id", 2], ["LIMIT", 1]]
  ↳ db/seeds.rb:22
  [1m[35m (0.2ms)[0m  [1m[31mROLLBACK[0m
  ↳ db/seeds.rb:22
  [1m[35m (0.1ms)[0m  [1m[35mBEGIN[0m
  ↳ db/seeds.rb:22
  [1m[36mStorage Load (0.2ms)[0m  [1m[34mSELECT  "storages".* FROM "storages" WHERE "storages"."id" = $1 LIMIT $2[0m  [["id", 2], ["LIMIT", 1]]
  ↳ db/seeds.rb:22
  [1m[36mContainer Load (0.2ms)[0m  [1m[34mSELECT  "containers".* FROM "containers" WHERE "containers"."id" = $1 LIMIT $2[0m  [["id", 3], ["LIMIT", 1]]
  ↳ db/seeds.rb:22
  [1m[36mFood Create (0.4ms)[0m  [1m[32mINSERT INTO "foods" ("name", "purchased_date", "experation_date", "storage_id", "container_id") VALUES ($1, $2, $3, $4, $5) RETURNING "id"[0m  [["name", "Faker::Food"], ["purchased_date", "2018-04-10"], ["experation_date", "2018-04-17"], ["storage_id", 2], ["container_id", 3]]
  ↳ db/seeds.rb:22
  [1m[35m (0.4ms)[0m  [1m[35mCOMMIT[0m
  ↳ db/seeds.rb:22
  [1m[35m (0.1ms)[0m  [1m[35mBEGIN[0m
  ↳ db/seeds.rb:22
  [1m[36mStorage Load (0.2ms)[0m  [1m[34mSELECT  "storages".* FROM "storages" WHERE "storages"."id" = $1 LIMIT $2[0m  [["id", 1], ["LIMIT", 1]]
  ↳ db/seeds.rb:22
  [1m[36mContainer Load (0.3ms)[0m  [1m[34mSELECT  "containers".* FROM "containers" WHERE "containers"."id" = $1 LIMIT $2[0m  [["id", 2], ["LIMIT", 1]]
  ↳ db/seeds.rb:22
  [1m[35m (0.2ms)[0m  [1m[31mROLLBACK[0m
  ↳ db/seeds.rb:22
  [1m[35m (0.1ms)[0m  [1m[35mBEGIN[0m
  ↳ db/seeds.rb:22
  [1m[36mStorage Load (0.3ms)[0m  [1m[34mSELECT  "storages".* FROM "storages" WHERE "storages"."id" = $1 LIMIT $2[0m  [["id", 3], ["LIMIT", 1]]
  ↳ db/seeds.rb:22
  [1m[36mContainer Load (0.3ms)[0m  [1m[34mSELECT  "containers".* FROM "containers" WHERE "containers"."id" = $1 LIMIT $2[0m  [["id", 1], ["LIMIT", 1]]
  ↳ db/seeds.rb:22
  [1m[35m (0.2ms)[0m  [1m[31mROLLBACK[0m
  ↳ db/seeds.rb:22
  [1m[35m (0.1ms)[0m  [1m[35mBEGIN[0m
  ↳ db/seeds.rb:22
  [1m[36mStorage Load (0.2ms)[0m  [1m[34mSELECT  "storages".* FROM "storages" WHERE "storages"."id" = $1 LIMIT $2[0m  [["id", 1], ["LIMIT", 1]]
  ↳ db/seeds.rb:22
  [1m[36mContainer Load (0.2ms)[0m  [1m[34mSELECT  "containers".* FROM "containers" WHERE "containers"."id" = $1 LIMIT $2[0m  [["id", 1], ["LIMIT", 1]]
  ↳ db/seeds.rb:22
  [1m[35m (0.2ms)[0m  [1m[31mROLLBACK[0m
  ↳ db/seeds.rb:22
  [1m[35m (0.2ms)[0m  [1m[35mBEGIN[0m
  ↳ db/seeds.rb:22
  [1m[36mStorage Load (0.2ms)[0m  [1m[34mSELECT  "storages".* FROM "storages" WHERE "storages"."id" = $1 LIMIT $2[0m  [["id", 3], ["LIMIT", 1]]
  ↳ db/seeds.rb:22
  [1m[36mContainer Load (0.2ms)[0m  [1m[34mSELECT  "containers".* FROM "containers" WHERE "containers"."id" = $1 LIMIT $2[0m  [["id", 3], ["LIMIT", 1]]
  ↳ db/seeds.rb:22
  [1m[36mFood Create (0.4ms)[0m  [1m[32mINSERT INTO "foods" ("name", "purchased_date", "experation_date", "storage_id", "container_id") VALUES ($1, $2, $3, $4, $5) RETURNING "id"[0m  [["name", "Faker::Food"], ["purchased_date", "2018-04-10"], ["experation_date", "2018-04-17"], ["storage_id", 3], ["container_id", 3]]
  ↳ db/seeds.rb:22
  [1m[35m (0.6ms)[0m  [1m[35mCOMMIT[0m
  ↳ db/seeds.rb:22
  [1m[35m (0.1ms)[0m  [1m[35mBEGIN[0m
  ↳ db/seeds.rb:22
  [1m[36mStorage Load (0.2ms)[0m  [1m[34mSELECT  "storages".* FROM "storages" WHERE "storages"."id" = $1 LIMIT $2[0m  [["id", 3], ["LIMIT", 1]]
  ↳ db/seeds.rb:22
  [1m[36mContainer Load (0.1ms)[0m  [1m[34mSELECT  "containers".* FROM "containers" WHERE "containers"."id" = $1 LIMIT $2[0m  [["id", 1], ["LIMIT", 1]]
  ↳ db/seeds.rb:22
  [1m[35m (0.2ms)[0m  [1m[31mROLLBACK[0m
  ↳ db/seeds.rb:22
  [1m[35m (0.1ms)[0m  [1m[35mBEGIN[0m
  ↳ db/seeds.rb:22
  [1m[36mStorage Load (0.1ms)[0m  [1m[34mSELECT  "storages".* FROM "storages" WHERE "storages"."id" = $1 LIMIT $2[0m  [["id", 1], ["LIMIT", 1]]
  ↳ db/seeds.rb:22
  [1m[36mContainer Load (0.2ms)[0m  [1m[34mSELECT  "containers".* FROM "containers" WHERE "containers"."id" = $1 LIMIT $2[0m  [["id", 3], ["LIMIT", 1]]
  ↳ db/seeds.rb:22
  [1m[35m (0.1ms)[0m  [1m[31mROLLBACK[0m
  ↳ db/seeds.rb:22
  [1m[36mFood Load (0.7ms)[0m  [1m[34mSELECT  "foods".* FROM "foods" LIMIT $1[0m  [["LIMIT", 11]]
